[0] [3] 🔧 Initialisation de la fenêtre ...
[6] [3] Created renderer: software
[0] [3] Détails des flags pour le renderer :
[0] [3] ✅ SDL Renderer Software: 1
[0] [3] ✅ SDL Renderer Accelerated: 2
[0] [3] ✅ SDL Renderer V-Sync: Not available
[0] [3] ✅ SDL Renderer Target Texture: 8
[0] [3] ✅ Utilisation des Flags: 1
[0] [3] ✅ Initialisation de la fenêtre réussie
[4] [3] 🔊 Initialisation de l'audio ...
[4] [3] ✅ Mix_Init réussi.
[1] [2] setpriority() failed
[4] [3] ✅ Mix_OpenAudio réussi.
[1] [2] You must call Mix_SetMusicCMD() first
[4] [3] ✅ Chargement de la musique réussi.
[0] [3] ✅ Nombre de manettes connectées : 0
[0] [3] Changement d'état : 4
[0] [3] PV : 63/63
[0] [3] PV : 127/127
[0] [3] PV : 78/78
[0] [3] PV : 275/275
[0] [3] PV : 47/47
[0] [3] PV : 286/286
[0] [3] Red team PV: 63, Blue team PV: 275
[0] [3] Changement d'état : 3
[0] [3] Changement d'état : 4
[0] [3] Changement d'état : 3
[0] [3] Changement d'état : 4
[0] [3] Changement d'état : 3
[0] [3] Changement d'état : 4
[0] [3] PV : 124/124
[0] [3] PV : 87/87
[0] [3] PV : 245/245
[0] [3] PV : 122/122
[0] [3] PV : 161/161
[0] [3] PV : 155/155
[0] [3] Red team PV: 124, Blue team PV: 122
[0] [3] Changement d'état : 3
